<?xml version="1.0" encoding="UTF-8"?>
<!-- Generated by org.testng.reporters.JUnitReportReporter -->
<testsuite hostname="19530-Suraj" failures="0" tests="1" name="com.utilities.com.DataDrivenTesting" time="5.282" errors="0" timestamp="2025-01-13T14:20:36 IST" skipped="0">
  <testcase classname="com.utilities.com.DataDrivenTesting" name="login" time="5.282"/>
</testsuite> <!-- com.utilities.com.DataDrivenTesting -->
